<?xml version="1.0" encoding="UTF-8"?>
<testng-results ignored="0" total="10" passed="9" failed="1" skipped="0">
  <reporter-output>
  </reporter-output>
  <suite started-at="2025-01-07T12:07:35 EST" name="Suite" finished-at="2025-01-07T12:08:08 EST" duration-ms="33211">
    <groups>
    </groups>
    <test started-at="2025-01-07T12:07:35 EST" name="Test" finished-at="2025-01-07T12:08:08 EST" duration-ms="33211">
      <class name="ActualTestcase.LeaveTestcase">
        <test-method signature="clickLeaveButton()[pri:1, instance:ActualTestcase.LeaveTestcase@1aa7ecca]" started-at="2025-01-07T12:08:07 EST" name="clickLeaveButton" finished-at="2025-01-07T12:08:07 EST" duration-ms="587" status="PASS">
          <reporter-output>
          </reporter-output>
        </test-method> <!-- clickLeaveButton -->
        <test-method signature="verifyApplicationLeave()[pri:2, instance:ActualTestcase.LeaveTestcase@1aa7ecca]" started-at="2025-01-07T12:08:07 EST" name="verifyApplicationLeave" finished-at="2025-01-07T12:08:08 EST" duration-ms="632" status="PASS">
          <reporter-output>
          </reporter-output>
        </test-method> <!-- verifyApplicationLeave -->
      </class> <!-- ActualTestcase.LeaveTestcase -->
      <class name="ActualTestcase.LoginTestCase">
        <test-method is-config="true" signature="GoogleSetUp()[pri:0, instance:ActualTestcase.LoginTestCase@3bb9a3ff]" started-at="2025-01-07T12:07:35 EST" name="GoogleSetUp" finished-at="2025-01-07T12:07:38 EST" duration-ms="3034" status="PASS">
          <reporter-output>
          </reporter-output>
        </test-method> <!-- GoogleSetUp -->
        <test-method signature="entercredentials()[pri:1, instance:ActualTestcase.LoginTestCase@3bb9a3ff]" started-at="2025-01-07T12:07:38 EST" name="entercredentials" finished-at="2025-01-07T12:07:42 EST" duration-ms="4319" status="PASS">
          <reporter-output>
          </reporter-output>
        </test-method> <!-- entercredentials -->
        <test-method signature="cliclloginBtn()[pri:2, instance:ActualTestcase.LoginTestCase@3bb9a3ff]" started-at="2025-01-07T12:07:42 EST" name="cliclloginBtn" finished-at="2025-01-07T12:07:43 EST" duration-ms="1002" status="PASS">
          <reporter-output>
          </reporter-output>
        </test-method> <!-- cliclloginBtn -->
        <test-method signature="DashboardPage()[pri:3, instance:ActualTestcase.LoginTestCase@3bb9a3ff]" started-at="2025-01-07T12:07:43 EST" name="DashboardPage" finished-at="2025-01-07T12:07:44 EST" duration-ms="690" status="PASS">
          <reporter-output>
          </reporter-output>
        </test-method> <!-- DashboardPage -->
      </class> <!-- ActualTestcase.LoginTestCase -->
      <class name="ActualTestcase.MyInfoTestCase">
        <test-method is-config="true" signature="GoogleSetUp()[pri:0, instance:ActualTestcase.MyInfoTestCase@12468a38]" started-at="2025-01-07T12:07:44 EST" name="GoogleSetUp" finished-at="2025-01-07T12:07:46 EST" duration-ms="2302" status="PASS">
          <reporter-output>
          </reporter-output>
        </test-method> <!-- GoogleSetUp -->
        <test-method is-config="true" signature="Background()[pri:0, instance:ActualTestcase.MyInfoTestCase@12468a38]" started-at="2025-01-07T12:07:46 EST" name="Background" finished-at="2025-01-07T12:07:52 EST" duration-ms="5899" status="PASS">
          <reporter-output>
          </reporter-output>
        </test-method> <!-- Background -->
        <test-method signature="clickMyInfoButton()[pri:1, instance:ActualTestcase.MyInfoTestCase@12468a38]" started-at="2025-01-07T12:07:52 EST" name="clickMyInfoButton" finished-at="2025-01-07T12:07:53 EST" duration-ms="803" status="PASS">
          <reporter-output>
          </reporter-output>
        </test-method> <!-- clickMyInfoButton -->
        <test-method signature="verifyApplicationMyInfo()[pri:2, instance:ActualTestcase.MyInfoTestCase@12468a38]" started-at="2025-01-07T12:07:53 EST" name="verifyApplicationMyInfo" finished-at="2025-01-07T12:07:53 EST" duration-ms="608" status="PASS">
          <reporter-output>
          </reporter-output>
        </test-method> <!-- verifyApplicationMyInfo -->
        <test-method signature="entertheCredentails()[pri:3, instance:ActualTestcase.MyInfoTestCase@12468a38]" started-at="2025-01-07T12:07:53 EST" name="entertheCredentails" finished-at="2025-01-07T12:07:54 EST" duration-ms="417" status="PASS">
          <reporter-output>
          </reporter-output>
        </test-method> <!-- entertheCredentails -->
        <test-method signature="putemployeeId(java.lang.String,java.lang.String)[pri:4, instance:ActualTestcase.MyInfoTestCase@12468a38]" started-at="2025-01-07T12:07:54 EST" name="putemployeeId" finished-at="2025-01-07T12:08:02 EST" duration-ms="8476" status="FAIL">
          <params>
            <param index="0">
              <value>
                <![CDATA[8956743]]>
              </value>
            </param>
            <param index="1">
              <value>
                <![CDATA[5678910]]>
              </value>
            </param>
          </params>
          <exception class="org.openqa.selenium.ElementNotInteractableException">
            <message>
              <![CDATA[element not interactable
  (Session info: chrome=131.0.6778.205)
Build info: version: '4.16.0', revision: '15400459dd*'
System info: os.name: 'Windows 11', os.arch: 'amd64', os.version: '10.0', java.version: '20'
Driver info: org.openqa.selenium.chrome.ChromeDriver
Command: [4cbd6f516fb035c97b47035abdfb5f70, sendKeysToElement {id=f.D8D0233DC7C708B04031589F6476DD26.d.0325E94FF7D3104944C1206A0D9F01D3.e.67, value=[Ljava.lang.CharSequence;@595f4da5}]
Capabilities {acceptInsecureCerts: false, browserName: chrome, browserVersion: 131.0.6778.205, chrome: {chromedriverVersion: 131.0.6778.204 (52183f9e99a..., userDataDir: C:\Users\jabba\AppData\Loca...}, fedcm:accounts: true, goog:chromeOptions: {debuggerAddress: localhost:55027}, networkConnectionEnabled: false, pageLoadStrategy: normal, platformName: windows, proxy: Proxy(), se:cdp: ws://localhost:55027/devtoo..., se:cdpVersion: 131.0.6778.205, setWindowRect: true, strictFileInteractability: false, timeouts: {implicit: 0, pageLoad: 300000, script: 30000}, unhandledPromptBehavior: dismiss and notify, webauthn:extension:credBlob: true, webauthn:extension:largeBlob: true, webauthn:extension:minPinLength: true, webauthn:extension:prf: true, webauthn:virtualAuthenticators: true}
Element: [[ChromeDriver: chrome on windows (4cbd6f516fb035c97b47035abdfb5f70)] -> xpath: //label[normalize-space()='Other Id']]
Session ID: 4cbd6f516fb035c97b47035abdfb5f70]]>
            </message>
            <full-stacktrace>
              <![CDATA[org.openqa.selenium.ElementNotInteractableException: element not interactable
  (Session info: chrome=131.0.6778.205)
Build info: version: '4.16.0', revision: '15400459dd*'
System info: os.name: 'Windows 11', os.arch: 'amd64', os.version: '10.0', java.version: '20'
Driver info: org.openqa.selenium.chrome.ChromeDriver
Command: [4cbd6f516fb035c97b47035abdfb5f70, sendKeysToElement {id=f.D8D0233DC7C708B04031589F6476DD26.d.0325E94FF7D3104944C1206A0D9F01D3.e.67, value=[Ljava.lang.CharSequence;@595f4da5}]
Capabilities {acceptInsecureCerts: false, browserName: chrome, browserVersion: 131.0.6778.205, chrome: {chromedriverVersion: 131.0.6778.204 (52183f9e99a..., userDataDir: C:\Users\jabba\AppData\Loca...}, fedcm:accounts: true, goog:chromeOptions: {debuggerAddress: localhost:55027}, networkConnectionEnabled: false, pageLoadStrategy: normal, platformName: windows, proxy: Proxy(), se:cdp: ws://localhost:55027/devtoo..., se:cdpVersion: 131.0.6778.205, setWindowRect: true, strictFileInteractability: false, timeouts: {implicit: 0, pageLoad: 300000, script: 30000}, unhandledPromptBehavior: dismiss and notify, webauthn:extension:credBlob: true, webauthn:extension:largeBlob: true, webauthn:extension:minPinLength: true, webauthn:extension:prf: true, webauthn:virtualAuthenticators: true}
Element: [[ChromeDriver: chrome on windows (4cbd6f516fb035c97b47035abdfb5f70)] -> xpath: //label[normalize-space()='Other Id']]
Session ID: 4cbd6f516fb035c97b47035abdfb5f70
at java.base/jdk.internal.reflect.DirectConstructorHandleAccessor.newInstance(DirectConstructorHandleAccessor.java:67)
at java.base/java.lang.reflect.Constructor.newInstanceWithCaller(Constructor.java:500)
at java.base/java.lang.reflect.Constructor.newInstance(Constructor.java:484)
at org.openqa.selenium.remote.codec.w3c.W3CHttpResponseCodec.createException(W3CHttpResponseCodec.java:200)
at org.openqa.selenium.remote.codec.w3c.W3CHttpResponseCodec.decode(W3CHttpResponseCodec.java:133)
at org.openqa.selenium.remote.codec.w3c.W3CHttpResponseCodec.decode(W3CHttpResponseCodec.java:52)
at org.openqa.selenium.remote.HttpCommandExecutor.execute(HttpCommandExecutor.java:191)
at org.openqa.selenium.remote.service.DriverCommandExecutor.invokeExecute(DriverCommandExecutor.java:200)
at org.openqa.selenium.remote.service.DriverCommandExecutor.execute(DriverCommandExecutor.java:175)
at org.openqa.selenium.remote.RemoteWebDriver.execute(RemoteWebDriver.java:523)
at org.openqa.selenium.remote.RemoteWebElement.execute(RemoteWebElement.java:224)
at org.openqa.selenium.remote.RemoteWebElement.sendKeys(RemoteWebElement.java:111)
at Pages.MyInfoPage.putemployeeId(MyInfoPage.java:89)
at ActualTestcase.MyInfoTestCase.putemployeeId(MyInfoTestCase.java:53)
at java.base/jdk.internal.reflect.DirectMethodHandleAccessor.invoke(DirectMethodHandleAccessor.java:104)
at java.base/java.lang.reflect.Method.invoke(Method.java:578)
at org.testng.internal.MethodInvocationHelper.invokeMethod(MethodInvocationHelper.java:133)
at org.testng.internal.TestInvoker.invokeMethod(TestInvoker.java:598)
at org.testng.internal.TestInvoker.invokeTestMethod(TestInvoker.java:173)
at org.testng.internal.MethodRunner.runInSequence(MethodRunner.java:46)
at org.testng.internal.TestInvoker$MethodInvocationAgent.invoke(TestInvoker.java:824)
at org.testng.internal.TestInvoker.invokeTestMethods(TestInvoker.java:146)
at org.testng.internal.TestMethodWorker.invokeTestMethods(TestMethodWorker.java:146)
at org.testng.internal.TestMethodWorker.run(TestMethodWorker.java:128)
at java.base/java.util.ArrayList.forEach(ArrayList.java:1511)
at org.testng.TestRunner.privateRun(TestRunner.java:794)
at org.testng.TestRunner.run(TestRunner.java:596)
at org.testng.SuiteRunner.runTest(SuiteRunner.java:377)
at org.testng.SuiteRunner.runSequentially(SuiteRunner.java:371)
at org.testng.SuiteRunner.privateRun(SuiteRunner.java:332)
at org.testng.SuiteRunner.run(SuiteRunner.java:276)
at org.testng.SuiteRunnerWorker.runSuite(SuiteRunnerWorker.java:53)
at org.testng.SuiteRunnerWorker.run(SuiteRunnerWorker.java:96)
at org.testng.TestNG.runSuitesSequentially(TestNG.java:1212)
at org.testng.TestNG.runSuitesLocally(TestNG.java:1134)
at org.testng.TestNG.runSuites(TestNG.java:1063)
at org.testng.TestNG.run(TestNG.java:1031)
at org.testng.remote.AbstractRemoteTestNG.run(AbstractRemoteTestNG.java:115)
at org.testng.remote.RemoteTestNG.initAndRun(RemoteTestNG.java:251)
at org.testng.remote.RemoteTestNG.main(RemoteTestNG.java:77)
]]>
            </full-stacktrace>
          </exception> <!-- org.openqa.selenium.ElementNotInteractableException -->
          <reporter-output>
          </reporter-output>
        </test-method> <!-- putemployeeId -->
        <test-method signature="driverlicence()[pri:5, instance:ActualTestcase.MyInfoTestCase@12468a38]" started-at="2025-01-07T12:08:02 EST" name="driverlicence" finished-at="2025-01-07T12:08:07 EST" duration-ms="4343" status="PASS">
          <reporter-output>
          </reporter-output>
        </test-method> <!-- driverlicence -->
      </class> <!-- ActualTestcase.MyInfoTestCase -->
    </test> <!-- Test -->
  </suite> <!-- Suite -->
</testng-results>
