<?xml version="1.0" encoding="UTF-8"?>
<!-- Generated by org.testng.reporters.JUnitXMLReporter -->
<testsuite ignored="0" hostname="mdabduljabbar" failures="0" tests="3" name="Default test" time="5.924" errors="0" timestamp="2024-12-28T21:45:28 EST">
  <testcase classname="ActualTestcase.LoginTestCase" name="entercredentials" time="0.796"/>
  <testcase classname="ActualTestcase.LoginTestCase" name="cliclloginBtn" time="0.09"/>
  <testcase classname="ActualTestcase.LoginTestCase" name="HomePage" time="1.283"/>
</testsuite> <!-- Default test -->
