<?xml version="1.0" encoding="UTF-8"?>
<!-- Generated by org.testng.reporters.JUnitXMLReporter -->
<testsuite ignored="0" hostname="mdabduljabbar" failures="1" tests="10" name="Test" time="33.211" errors="0" timestamp="2025-01-07T12:08:08 EST">
  <testcase classname="ActualTestcase.LoginTestCase" name="entercredentials" time="4.319"/>
  <testcase classname="ActualTestcase.LoginTestCase" name="cliclloginBtn" time="1.002"/>
  <testcase classname="ActualTestcase.LoginTestCase" name="DashboardPage" time="0.69"/>
  <testcase classname="ActualTestcase.MyInfoTestCase" name="clickMyInfoButton" time="0.803"/>
  <testcase classname="ActualTestcase.MyInfoTestCase" name="verifyApplicationMyInfo" time="0.608"/>
  <testcase classname="ActualTestcase.MyInfoTestCase" name="entertheCredentails" time="0.417"/>
  <testcase classname="ActualTestcase.MyInfoTestCase" name="putemployeeId" time="8.476">
    <failure type="org.openqa.selenium.ElementNotInteractableException" message="element not interactable
  (Session info: chrome=131.0.6778.205)
Build info: version: &amp;apos;4.16.0&amp;apos;, revision: &amp;apos;15400459dd*&amp;apos;
System info: os.name: &amp;apos;Windows 11&amp;apos;, os.arch: &amp;apos;amd64&amp;apos;, os.version: &amp;apos;10.0&amp;apos;, java.version: &amp;apos;20&amp;apos;
Driver info: org.openqa.selenium.chrome.ChromeDriver
Command: [4cbd6f516fb035c97b47035abdfb5f70, sendKeysToElement {id=f.D8D0233DC7C708B04031589F6476DD26.d.0325E94FF7D3104944C1206A0D9F01D3.e.67, value=[Ljava.lang.CharSequence;@595f4da5}]
Capabilities {acceptInsecureCerts: false, browserName: chrome, browserVersion: 131.0.6778.205, chrome: {chromedriverVersion: 131.0.6778.204 (52183f9e99a..., userDataDir: C:\Users\jabba\AppData\Loca...}, fedcm:accounts: true, goog:chromeOptions: {debuggerAddress: localhost:55027}, networkConnectionEnabled: false, pageLoadStrategy: normal, platformName: windows, proxy: Proxy(), se:cdp: ws://localhost:55027/devtoo..., se:cdpVersion: 131.0.6778.205, setWindowRect: true, strictFileInteractability: false, timeouts: {implicit: 0, pageLoad: 300000, script: 30000}, unhandledPromptBehavior: dismiss and notify, webauthn:extension:credBlob: true, webauthn:extension:largeBlob: true, webauthn:extension:minPinLength: true, webauthn:extension:prf: true, webauthn:virtualAuthenticators: true}
Element: [[ChromeDriver: chrome on windows (4cbd6f516fb035c97b47035abdfb5f70)] -&amp;gt; xpath: //label[normalize-space()=&amp;apos;Other Id&amp;apos;]]
Session ID: 4cbd6f516fb035c97b47035abdfb5f70">
      <![CDATA[org.openqa.selenium.ElementNotInteractableException: element not interactable
  (Session info: chrome=131.0.6778.205)
Build info: version: '4.16.0', revision: '15400459dd*'
System info: os.name: 'Windows 11', os.arch: 'amd64', os.version: '10.0', java.version: '20'
Driver info: org.openqa.selenium.chrome.ChromeDriver
Command: [4cbd6f516fb035c97b47035abdfb5f70, sendKeysToElement {id=f.D8D0233DC7C708B04031589F6476DD26.d.0325E94FF7D3104944C1206A0D9F01D3.e.67, value=[Ljava.lang.CharSequence;@595f4da5}]
Capabilities {acceptInsecureCerts: false, browserName: chrome, browserVersion: 131.0.6778.205, chrome: {chromedriverVersion: 131.0.6778.204 (52183f9e99a..., userDataDir: C:\Users\jabba\AppData\Loca...}, fedcm:accounts: true, goog:chromeOptions: {debuggerAddress: localhost:55027}, networkConnectionEnabled: false, pageLoadStrategy: normal, platformName: windows, proxy: Proxy(), se:cdp: ws://localhost:55027/devtoo..., se:cdpVersion: 131.0.6778.205, setWindowRect: true, strictFileInteractability: false, timeouts: {implicit: 0, pageLoad: 300000, script: 30000}, unhandledPromptBehavior: dismiss and notify, webauthn:extension:credBlob: true, webauthn:extension:largeBlob: true, webauthn:extension:minPinLength: true, webauthn:extension:prf: true, webauthn:virtualAuthenticators: true}
Element: [[ChromeDriver: chrome on windows (4cbd6f516fb035c97b47035abdfb5f70)] -> xpath: //label[normalize-space()='Other Id']]
Session ID: 4cbd6f516fb035c97b47035abdfb5f70
at org.openqa.selenium.remote.codec.w3c.W3CHttpResponseCodec.createException(W3CHttpResponseCodec.java:200)
at org.openqa.selenium.remote.codec.w3c.W3CHttpResponseCodec.decode(W3CHttpResponseCodec.java:133)
at org.openqa.selenium.remote.codec.w3c.W3CHttpResponseCodec.decode(W3CHttpResponseCodec.java:52)
at org.openqa.selenium.remote.HttpCommandExecutor.execute(HttpCommandExecutor.java:191)
at org.openqa.selenium.remote.service.DriverCommandExecutor.invokeExecute(DriverCommandExecutor.java:200)
at org.openqa.selenium.remote.service.DriverCommandExecutor.execute(DriverCommandExecutor.java:175)
at org.openqa.selenium.remote.RemoteWebDriver.execute(RemoteWebDriver.java:523)
at org.openqa.selenium.remote.RemoteWebElement.execute(RemoteWebElement.java:224)
at org.openqa.selenium.remote.RemoteWebElement.sendKeys(RemoteWebElement.java:111)
at Pages.MyInfoPage.putemployeeId(MyInfoPage.java:89)
at ActualTestcase.MyInfoTestCase.putemployeeId(MyInfoTestCase.java:53)
at java.base/java.util.ArrayList.forEach(ArrayList.java:1511)
... Removed 28 stack frames]]>
    </failure>
  </testcase> <!-- putemployeeId -->
  <testcase classname="ActualTestcase.MyInfoTestCase" name="driverlicence" time="4.343"/>
  <testcase classname="ActualTestcase.LeaveTestcase" name="clickLeaveButton" time="0.587"/>
  <testcase classname="ActualTestcase.LeaveTestcase" name="verifyApplicationLeave" time="0.632"/>
</testsuite> <!-- Test -->
