<?xml version="1.0" encoding="UTF-8"?>
<!-- Generated by org.testng.reporters.JUnitXMLReporter -->
<testsuite ignored="0" hostname="mdabduljabbar" failures="1" tests="10" name="Test" time="39.603" errors="0" timestamp="2025-01-23T06:40:48 EST">
  <testcase classname="ActualTestcase.LoginTestCase" name="entercredentials" time="4.473"/>
  <testcase classname="ActualTestcase.LoginTestCase" name="cliclloginBtn" time="0.181"/>
  <testcase classname="ActualTestcase.LoginTestCase" name="DashboardPage" time="1.452"/>
  <testcase classname="ActualTestcase.MyInfoTestCase" name="clickMyInfoButton" time="0.553"/>
  <testcase classname="ActualTestcase.MyInfoTestCase" name="verifyApplicationMyInfo" time="0.611"/>
  <testcase classname="ActualTestcase.MyInfoTestCase" name="entertheCredentails" time="0.597"/>
  <testcase classname="ActualTestcase.MyInfoTestCase" name="putemployeeId" time="8.632">
    <failure type="org.openqa.selenium.ElementNotInteractableException" message="element not interactable
  (Session info: chrome=132.0.6834.83)
Build info: version: &amp;apos;4.16.0&amp;apos;, revision: &amp;apos;15400459dd*&amp;apos;
System info: os.name: &amp;apos;Windows 11&amp;apos;, os.arch: &amp;apos;amd64&amp;apos;, os.version: &amp;apos;10.0&amp;apos;, java.version: &amp;apos;20&amp;apos;
Driver info: org.openqa.selenium.chrome.ChromeDriver
Command: [fde1ba85a057fabec215ebbaa3395211, sendKeysToElement {id=f.BD581E3918368932EDC478646F159406.d.ECC76BAB4ED67E7AA787CD172BEE3709.e.67, value=[Ljava.lang.CharSequence;@595f4da5}]
Capabilities {acceptInsecureCerts: false, browserName: chrome, browserVersion: 132.0.6834.83, chrome: {chromedriverVersion: 132.0.6834.110 (df453a35f09..., userDataDir: C:\Users\jabba\AppData\Loca...}, fedcm:accounts: true, goog:chromeOptions: {debuggerAddress: localhost:56736}, networkConnectionEnabled: false, pageLoadStrategy: normal, platformName: windows, proxy: Proxy(), se:cdp: ws://localhost:56736/devtoo..., se:cdpVersion: 132.0.6834.83, setWindowRect: true, strictFileInteractability: false, timeouts: {implicit: 0, pageLoad: 300000, script: 30000}, unhandledPromptBehavior: dismiss and notify, webauthn:extension:credBlob: true, webauthn:extension:largeBlob: true, webauthn:extension:minPinLength: true, webauthn:extension:prf: true, webauthn:virtualAuthenticators: true}
Element: [[ChromeDriver: chrome on windows (fde1ba85a057fabec215ebbaa3395211)] -&amp;gt; xpath: //label[normalize-space()=&amp;apos;Other Id&amp;apos;]]
Session ID: fde1ba85a057fabec215ebbaa3395211">
      <![CDATA[org.openqa.selenium.ElementNotInteractableException: element not interactable
  (Session info: chrome=132.0.6834.83)
Build info: version: '4.16.0', revision: '15400459dd*'
System info: os.name: 'Windows 11', os.arch: 'amd64', os.version: '10.0', java.version: '20'
Driver info: org.openqa.selenium.chrome.ChromeDriver
Command: [fde1ba85a057fabec215ebbaa3395211, sendKeysToElement {id=f.BD581E3918368932EDC478646F159406.d.ECC76BAB4ED67E7AA787CD172BEE3709.e.67, value=[Ljava.lang.CharSequence;@595f4da5}]
Capabilities {acceptInsecureCerts: false, browserName: chrome, browserVersion: 132.0.6834.83, chrome: {chromedriverVersion: 132.0.6834.110 (df453a35f09..., userDataDir: C:\Users\jabba\AppData\Loca...}, fedcm:accounts: true, goog:chromeOptions: {debuggerAddress: localhost:56736}, networkConnectionEnabled: false, pageLoadStrategy: normal, platformName: windows, proxy: Proxy(), se:cdp: ws://localhost:56736/devtoo..., se:cdpVersion: 132.0.6834.83, setWindowRect: true, strictFileInteractability: false, timeouts: {implicit: 0, pageLoad: 300000, script: 30000}, unhandledPromptBehavior: dismiss and notify, webauthn:extension:credBlob: true, webauthn:extension:largeBlob: true, webauthn:extension:minPinLength: true, webauthn:extension:prf: true, webauthn:virtualAuthenticators: true}
Element: [[ChromeDriver: chrome on windows (fde1ba85a057fabec215ebbaa3395211)] -> xpath: //label[normalize-space()='Other Id']]
Session ID: fde1ba85a057fabec215ebbaa3395211
at org.openqa.selenium.remote.codec.w3c.W3CHttpResponseCodec.createException(W3CHttpResponseCodec.java:200)
at org.openqa.selenium.remote.codec.w3c.W3CHttpResponseCodec.decode(W3CHttpResponseCodec.java:133)
at org.openqa.selenium.remote.codec.w3c.W3CHttpResponseCodec.decode(W3CHttpResponseCodec.java:52)
at org.openqa.selenium.remote.HttpCommandExecutor.execute(HttpCommandExecutor.java:191)
at org.openqa.selenium.remote.service.DriverCommandExecutor.invokeExecute(DriverCommandExecutor.java:200)
at org.openqa.selenium.remote.service.DriverCommandExecutor.execute(DriverCommandExecutor.java:175)
at org.openqa.selenium.remote.RemoteWebDriver.execute(RemoteWebDriver.java:523)
at org.openqa.selenium.remote.RemoteWebElement.execute(RemoteWebElement.java:224)
at org.openqa.selenium.remote.RemoteWebElement.sendKeys(RemoteWebElement.java:111)
at Pages.MyInfoPage.putemployeeId(MyInfoPage.java:89)
at ActualTestcase.MyInfoTestCase.putemployeeId(MyInfoTestCase.java:53)
at java.base/java.util.ArrayList.forEach(ArrayList.java:1511)
... Removed 28 stack frames]]>
    </failure>
  </testcase> <!-- putemployeeId -->
  <testcase classname="ActualTestcase.MyInfoTestCase" name="driverlicence" time="4.438"/>
  <testcase classname="ActualTestcase.LeaveTestcase" name="clickLeaveButton" time="0.571"/>
  <testcase classname="ActualTestcase.LeaveTestcase" name="verifyApplicationLeave" time="0.609"/>
</testsuite> <!-- Test -->
